<?xml version="1.0" encoding="UTF-8"?>
<testsuite name="CollectionTest" tests="1" skipped="0" failures="0" errors="0" timestamp="2020-04-06T15:03:14" hostname="DESKTOP-MUN18M2" time="0.006">
  <properties/>
  <testcase name="queue" classname="CollectionTest" time="0.006"/>
  <system-out><![CDATA[3
]]></system-out>
  <system-err><![CDATA[]]></system-err>
</testsuite>
